<?xml version="1.0" encoding="UTF-8"?>
<!-- Generated by org.testng.reporters.JUnitXMLReporter -->
<testsuite ignored="0" hostname="LAPTOP-M1TC7PID" failures="2" tests="11" name="Test" time="81.729" errors="0" timestamp="2025-02-03T20:49:08 IST">
  <testcase classname="Ecommerce.tests.StandAloneTestRefracted" name="submitOrder" time="18.75"/>
  <testcase classname="Ecommerce.tests.StandAloneTestRefracted" name="orderHistoryTest" time="0.704"/>
  <testcase classname="Ecommerce.tests.DataDrivenCheck" name="submitOrder" time="13.84">
    <failure type="java.lang.AssertionError" message="expected [true] but found [false]">
      <![CDATA[java.lang.AssertionError: expected [true] but found [false]
at Ecommerce.tests.DataDrivenCheck.submitOrder(DataDrivenCheck.java:47)
at java.base/java.util.ArrayList.forEach(ArrayList.java:1596)
... Removed 29 stack frames]]>
    </failure>
  </testcase> <!-- submitOrder -->
  <testcase classname="Ecommerce.tests.DataDrivenCheck" name="submitOrder" time="4.839"/>
  <testcase classname="Ecommerce.tests.DataDrivenCheck" name="submitOrder" time="4.776"/>
  <testcase classname="Ecommerce.tests.DataDrivenCheck" name="orderHistoryTest" time="0.0">
    <skipped/>
  </testcase> <!-- orderHistoryTest -->
  <testcase classname="Ecommerce.tests.ErrorValidation" name="ProductErrorValidation" time="3.917"/>
  <testcase classname="Ecommerce.tests.ErrorValidation" name="ProductErrorValidation" time="3.983"/>
  <testcase classname="Ecommerce.tests.ErrorValidation" name="ProductErrorValidation" time="3.945"/>
  <testcase classname="Ecommerce.tests.ErrorValidation" name="loginErrorValidation" time="0.97">
    <skipped/>
  </testcase> <!-- loginErrorValidation -->
  <testcase classname="Ecommerce.tests.ErrorValidation" name="loginErrorValidation" time="0.373">
    <failure type="java.lang.AssertionError" message="expected [Incorrect email or password.] but found [Icorrect email or password.]">
      <![CDATA[java.lang.AssertionError: expected [Incorrect email or password.] but found [Icorrect email or password.]
at Ecommerce.tests.ErrorValidation.loginErrorValidation(ErrorValidation.java:27)
at java.base/java.util.ArrayList.forEach(ArrayList.java:1596)
... Removed 31 stack frames]]>
    </failure>
  </testcase> <!-- loginErrorValidation -->
</testsuite> <!-- Test -->
